execve("/usr/bin/file", ["file", "./2024-03-20-file-cmd/index.md"], 0x7ffe34d9d4c8 /* 44 vars */) = 0
brk(NULL)                               = 0x55dd34fa7000
arch_prctl(0x3001 /* ARCH_??? */, 0x7fffc91157c0) = -1 EINVAL (Invalid argument)
mmap(NULL, 8192, PROT_READ|PROT_WRITE, MAP_PRIVATE|MAP_ANONYMOUS, -1, 0) = 0x7fb21cbe1000
access("/etc/ld.so.preload", R_OK)      = -1 ENOENT (No such file or directory)
openat(AT_FDCWD, "/etc/ld.so.cache", O_RDONLY|O_CLOEXEC) = 3
newfstatat(3, "", {st_mode=S_IFREG|0644, st_size=50419, ...}, AT_EMPTY_PATH) = 0
mmap(NULL, 50419, PROT_READ, MAP_PRIVATE, 3, 0) = 0x7fb21cbd4000
close(3)                                = 0
openat(AT_FDCWD, "/lib/x86_64-linux-gnu/libmagic.so.1", O_RDONLY|O_CLOEXEC) = 3
read(3, "\177ELF\2\1\1\0\0\0\0\0\0\0\0\0\3\0>\0\1\0\0\0\0\0\0\0\0\0\0\0"..., 832) = 832
newfstatat(3, "", {st_mode=S_IFREG|0644, st_size=166264, ...}, AT_EMPTY_PATH) = 0
mmap(NULL, 168976, PROT_READ, MAP_PRIVATE|MAP_DENYWRITE, 3, 0) = 0x7fb21cbaa000
mmap(0x7fb21cbae000, 114688, PROT_READ|PROT_EXEC, MAP_PRIVATE|MAP_FIXED|MAP_DENYWRITE, 3, 0x4000) = 0x7fb21cbae000
mmap(0x7fb21cbca000, 28672, PROT_READ, MAP_PRIVATE|MAP_FIXED|MAP_DENYWRITE, 3, 0x20000) = 0x7fb21cbca000
mmap(0x7fb21cbd1000, 12288, PROT_READ|PROT_WRITE, MAP_PRIVATE|MAP_FIXED|MAP_DENYWRITE, 3, 0x26000) = 0x7fb21cbd1000
close(3)                                = 0
openat(AT_FDCWD, "/lib/x86_64-linux-gnu/libc.so.6", O_RDONLY|O_CLOEXEC) = 3
read(3, "\177ELF\2\1\1\3\0\0\0\0\0\0\0\0\3\0>\0\1\0\0\0P\237\2\0\0\0\0\0"..., 832) = 832
pread64(3, "\6\0\0\0\4\0\0\0@\0\0\0\0\0\0\0@\0\0\0\0\0\0\0@\0\0\0\0\0\0\0"..., 784, 64) = 784
pread64(3, "\4\0\0\0 \0\0\0\5\0\0\0GNU\0\2\0\0\300\4\0\0\0\3\0\0\0\0\0\0\0"..., 48, 848) = 48
pread64(3, "\4\0\0\0\24\0\0\0\3\0\0\0GNU\0\315A\vq\17\17\tLh2\355\331Y1\0m"..., 68, 896) = 68
newfstatat(3, "", {st_mode=S_IFREG|0755, st_size=2220400, ...}, AT_EMPTY_PATH) = 0
pread64(3, "\6\0\0\0\4\0\0\0@\0\0\0\0\0\0\0@\0\0\0\0\0\0\0@\0\0\0\0\0\0\0"..., 784, 64) = 784
mmap(NULL, 2264656, PROT_READ, MAP_PRIVATE|MAP_DENYWRITE, 3, 0) = 0x7fb21c981000
mprotect(0x7fb21c9a9000, 2023424, PROT_NONE) = 0
mmap(0x7fb21c9a9000, 1658880, PROT_READ|PROT_EXEC, MAP_PRIVATE|MAP_FIXED|MAP_DENYWRITE, 3, 0x28000) = 0x7fb21c9a9000
mmap(0x7fb21cb3e000, 360448, PROT_READ, MAP_PRIVATE|MAP_FIXED|MAP_DENYWRITE, 3, 0x1bd000) = 0x7fb21cb3e000
mmap(0x7fb21cb97000, 24576, PROT_READ|PROT_WRITE, MAP_PRIVATE|MAP_FIXED|MAP_DENYWRITE, 3, 0x215000) = 0x7fb21cb97000
mmap(0x7fb21cb9d000, 52816, PROT_READ|PROT_WRITE, MAP_PRIVATE|MAP_FIXED|MAP_ANONYMOUS, -1, 0) = 0x7fb21cb9d000
close(3)                                = 0
openat(AT_FDCWD, "/lib/x86_64-linux-gnu/liblzma.so.5", O_RDONLY|O_CLOEXEC) = 3
read(3, "\177ELF\2\1\1\0\0\0\0\0\0\0\0\0\3\0>\0\1\0\0\0\0\0\0\0\0\0\0\0"..., 832) = 832
newfstatat(3, "", {st_mode=S_IFREG|0644, st_size=170456, ...}, AT_EMPTY_PATH) = 0
mmap(NULL, 172296, PROT_READ, MAP_PRIVATE|MAP_DENYWRITE, 3, 0) = 0x7fb21c956000
mmap(0x7fb21c959000, 110592, PROT_READ|PROT_EXEC, MAP_PRIVATE|MAP_FIXED|MAP_DENYWRITE, 3, 0x3000) = 0x7fb21c959000
mmap(0x7fb21c974000, 45056, PROT_READ, MAP_PRIVATE|MAP_FIXED|MAP_DENYWRITE, 3, 0x1e000) = 0x7fb21c974000
mmap(0x7fb21c97f000, 8192, PROT_READ|PROT_WRITE, MAP_PRIVATE|MAP_FIXED|MAP_DENYWRITE, 3, 0x28000) = 0x7fb21c97f000
close(3)                                = 0
openat(AT_FDCWD, "/lib/x86_64-linux-gnu/libbz2.so.1.0", O_RDONLY|O_CLOEXEC) = 3
read(3, "\177ELF\2\1\1\0\0\0\0\0\0\0\0\0\3\0>\0\1\0\0\0\0\0\0\0\0\0\0\0"..., 832) = 832
newfstatat(3, "", {st_mode=S_IFREG|0644, st_size=74848, ...}, AT_EMPTY_PATH) = 0
mmap(NULL, 76840, PROT_READ, MAP_PRIVATE|MAP_DENYWRITE, 3, 0) = 0x7fb21c943000
mmap(0x7fb21c945000, 53248, PROT_READ|PROT_EXEC, MAP_PRIVATE|MAP_FIXED|MAP_DENYWRITE, 3, 0x2000) = 0x7fb21c945000
mmap(0x7fb21c952000, 8192, PROT_READ, MAP_PRIVATE|MAP_FIXED|MAP_DENYWRITE, 3, 0xf000) = 0x7fb21c952000
mmap(0x7fb21c954000, 8192, PROT_READ|PROT_WRITE, MAP_PRIVATE|MAP_FIXED|MAP_DENYWRITE, 3, 0x10000) = 0x7fb21c954000
close(3)                                = 0
openat(AT_FDCWD, "/lib/x86_64-linux-gnu/libz.so.1", O_RDONLY|O_CLOEXEC) = 3
read(3, "\177ELF\2\1\1\3\0\0\0\0\0\0\0\0\3\0>\0\1\0\0\0\0\0\0\0\0\0\0\0"..., 832) = 832
newfstatat(3, "", {st_mode=S_IFREG|0644, st_size=108936, ...}, AT_EMPTY_PATH) = 0
mmap(NULL, 110776, PROT_READ, MAP_PRIVATE|MAP_DENYWRITE, 3, 0) = 0x7fb21c927000
mprotect(0x7fb21c929000, 98304, PROT_NONE) = 0
mmap(0x7fb21c929000, 69632, PROT_READ|PROT_EXEC, MAP_PRIVATE|MAP_FIXED|MAP_DENYWRITE, 3, 0x2000) = 0x7fb21c929000
mmap(0x7fb21c93a000, 24576, PROT_READ, MAP_PRIVATE|MAP_FIXED|MAP_DENYWRITE, 3, 0x13000) = 0x7fb21c93a000
mmap(0x7fb21c941000, 8192, PROT_READ|PROT_WRITE, MAP_PRIVATE|MAP_FIXED|MAP_DENYWRITE, 3, 0x19000) = 0x7fb21c941000
close(3)                                = 0
mmap(NULL, 8192, PROT_READ|PROT_WRITE, MAP_PRIVATE|MAP_ANONYMOUS, -1, 0) = 0x7fb21c925000
arch_prctl(ARCH_SET_FS, 0x7fb21c9263c0) = 0
set_tid_address(0x7fb21c926690)         = 115977
set_robust_list(0x7fb21c9266a0, 24)     = 0
rseq(0x7fb21c926d60, 0x20, 0, 0x53053053) = 0
mprotect(0x7fb21cb97000, 16384, PROT_READ) = 0
mprotect(0x7fb21c941000, 4096, PROT_READ) = 0
mprotect(0x7fb21c954000, 4096, PROT_READ) = 0
mprotect(0x7fb21c97f000, 4096, PROT_READ) = 0
mprotect(0x7fb21cbd1000, 8192, PROT_READ) = 0
mprotect(0x55dd237d1000, 4096, PROT_READ) = 0
mprotect(0x7fb21cc1b000, 8192, PROT_READ) = 0
prlimit64(0, RLIMIT_STACK, NULL, {rlim_cur=8192*1024, rlim_max=RLIM64_INFINITY}) = 0
munmap(0x7fb21cbd4000, 50419)           = 0
getrandom("\x58\x48\xd1\x89\x12\xa5\x43\x34", 8, GRND_NONBLOCK) = 8
brk(NULL)                               = 0x55dd34fa7000
brk(0x55dd34fc8000)                     = 0x55dd34fc8000
openat(AT_FDCWD, "/usr/lib/locale/locale-archive", O_RDONLY|O_CLOEXEC) = -1 ENOENT (No such file or directory)
openat(AT_FDCWD, "/usr/share/locale/locale.alias", O_RDONLY|O_CLOEXEC) = 3
newfstatat(3, "", {st_mode=S_IFREG|0644, st_size=2996, ...}, AT_EMPTY_PATH) = 0
read(3, "# Locale name alias data base.\n#"..., 4096) = 2996
read(3, "", 4096)                       = 0
close(3)                                = 0
openat(AT_FDCWD, "/usr/lib/locale/C.UTF-8/LC_CTYPE", O_RDONLY|O_CLOEXEC) = -1 ENOENT (No such file or directory)
openat(AT_FDCWD, "/usr/lib/locale/C.utf8/LC_CTYPE", O_RDONLY|O_CLOEXEC) = 3
newfstatat(3, "", {st_mode=S_IFREG|0644, st_size=353616, ...}, AT_EMPTY_PATH) = 0
mmap(NULL, 353616, PROT_READ, MAP_PRIVATE, 3, 0) = 0x7fb21c8ce000
close(3)                                = 0
openat(AT_FDCWD, "/usr/lib/x86_64-linux-gnu/gconv/gconv-modules.cache", O_RDONLY) = 3
newfstatat(3, "", {st_mode=S_IFREG|0644, st_size=27002, ...}, AT_EMPTY_PATH) = 0
mmap(NULL, 27002, PROT_READ, MAP_SHARED, 3, 0) = 0x7fb21cbda000
close(3)                                = 0
futex(0x7fb21cb9ca6c, FUTEX_WAKE_PRIVATE, 2147483647) = 0
newfstatat(AT_FDCWD, "/home/fyshx/.magic.mgc", 0x7fffc91155e0, 0) = -1 ENOENT (No such file or directory)
newfstatat(AT_FDCWD, "/home/fyshx/.magic", 0x7fffc91155e0, 0) = -1 ENOENT (No such file or directory)
openat(AT_FDCWD, "/etc/magic.mgc", O_RDONLY) = -1 ENOENT (No such file or directory)
newfstatat(AT_FDCWD, "/etc/magic", {st_mode=S_IFREG|0644, st_size=111, ...}, 0) = 0
openat(AT_FDCWD, "/etc/magic", O_RDONLY) = 3
newfstatat(3, "", {st_mode=S_IFREG|0644, st_size=111, ...}, AT_EMPTY_PATH) = 0
read(3, "# Magic local data for file(1) c"..., 4096) = 111
read(3, "", 4096)                       = 0
close(3)                                = 0
openat(AT_FDCWD, "/usr/share/misc/magic.mgc", O_RDONLY) = 3
newfstatat(3, "", {st_mode=S_IFREG|0644, st_size=7248904, ...}, AT_EMPTY_PATH) = 0
mmap(NULL, 7248904, PROT_READ|PROT_WRITE, MAP_PRIVATE, 3, 0) = 0x7fb21c1e4000
close(3)                                = 0
mprotect(0x7fb21c1e4000, 7248904, PROT_READ) = 0
newfstatat(1, "", {st_mode=S_IFREG|0644, st_size=7800, ...}, AT_EMPTY_PATH) = 0
mmap(NULL, 1052672, PROT_READ|PROT_WRITE, MAP_PRIVATE|MAP_ANONYMOUS, -1, 0) = 0x7fb21c0e3000
newfstatat(AT_FDCWD, "./2024-03-20-file-cmd/index.md", {st_mode=S_IFREG|0644, st_size=1346, ...}, AT_SYMLINK_NOFOLLOW) = 0
openat(AT_FDCWD, "./2024-03-20-file-cmd/index.md", O_RDONLY|O_NONBLOCK|O_CLOEXEC) = 3
newfstatat(3, "", {st_mode=S_IFREG|0644, st_size=1346, ...}, AT_EMPTY_PATH) = 0
read(3, "---\ntitle: \"\347\256\200\345\215\225\347\234\213\347\234\213 `file` "..., 1048576) = 1346
pread64(3, "---\ntitle: \"\347\256\200\345\215\225\347\234\213\347\234\213 `file` "..., 1346, 0) = 1346
brk(0x55dd34fe9000)                     = 0x55dd34fe9000
brk(0x55dd3500a000)                     = 0x55dd3500a000
brk(0x55dd3502b000)                     = 0x55dd3502b000
brk(0x55dd3504c000)                     = 0x55dd3504c000
brk(0x55dd3506d000)                     = 0x55dd3506d000
brk(0x55dd3508e000)                     = 0x55dd3508e000
brk(0x55dd350af000)                     = 0x55dd350af000
brk(0x55dd350d0000)                     = 0x55dd350d0000
munmap(0x7fb21c0e3000, 1052672)         = 0
close(3)                                = 0
munmap(0x7fb21c1e4000, 7248904)         = 0
write(1, "./2024-03-20-file-cmd/index.md: "..., 57./2024-03-20-file-cmd/index.md: Unicode text, UTF-8 text
) = 57
exit_group(0)                           = ?
+++ exited with 0 +++
